Processing repository at /mnt/Uyuni/Projects/Notes/Obsidian-Vault on branch master
Changes detected in /mnt/Uyuni/Projects/Notes/Obsidian-Vault
[master 84e5f50] Automated commit: 2025-05-15 11:45:01
 1 file changed, 2 insertions(+)
Changes committed.
From https://github.com/whispercodeDev/Obsidian-Vault
 * branch            master     -> FETCH_HEAD
Already up to date.
To https://github.com/whispercodeDev/Obsidian-Vault.git
   56aa3e3..84e5f50  master -> master
Repository at /mnt/Uyuni/Projects/Notes/Obsidian-Vault updated successfully.
All repositories have been updated.
Processing repository at /mnt/Uyuni/Projects/Notes/Obsidian-Vault on branch master
No changes to commit in /mnt/Uyuni/Projects/Notes/Obsidian-Vault.
From https://github.com/whispercodeDev/Obsidian-Vault
 * branch            master     -> FETCH_HEAD
Already up to date.
Everything up-to-date
Repository at /mnt/Uyuni/Projects/Notes/Obsidian-Vault updated successfully.
All repositories have been updated.
Processing repository at /mnt/Uyuni/Projects/Notes/Obsidian-Vault on branch master
No changes to commit in /mnt/Uyuni/Projects/Notes/Obsidian-Vault.
From https://github.com/whispercodeDev/Obsidian-Vault
 * branch            master     -> FETCH_HEAD
Already up to date.
Everything up-to-date
Repository at /mnt/Uyuni/Projects/Notes/Obsidian-Vault updated successfully.
All repositories have been updated.
Processing repository at /mnt/Uyuni/Projects/Notes/Obsidian-Vault on branch master
No changes to commit in /mnt/Uyuni/Projects/Notes/Obsidian-Vault.
From https://github.com/whispercodeDev/Obsidian-Vault
 * branch            master     -> FETCH_HEAD
Already up to date.
Everything up-to-date
Repository at /mnt/Uyuni/Projects/Notes/Obsidian-Vault updated successfully.
All repositories have been updated.
Processing repository at /mnt/Uyuni/Projects/Notes/Obsidian-Vault on branch master
No changes to commit in /mnt/Uyuni/Projects/Notes/Obsidian-Vault.
From https://github.com/whispercodeDev/Obsidian-Vault
 * branch            master     -> FETCH_HEAD
Already up to date.
Everything up-to-date
Repository at /mnt/Uyuni/Projects/Notes/Obsidian-Vault updated successfully.
All repositories have been updated.
Processing repository at /mnt/Uyuni/Projects/Notes/Obsidian-Vault on branch master
No changes to commit in /mnt/Uyuni/Projects/Notes/Obsidian-Vault.
From https://github.com/whispercodeDev/Obsidian-Vault
 * branch            master     -> FETCH_HEAD
Already up to date.
Everything up-to-date
Repository at /mnt/Uyuni/Projects/Notes/Obsidian-Vault updated successfully.
All repositories have been updated.
Processing repository at /mnt/Uyuni/Projects/Notes/Obsidian-Vault on branch master
No changes to commit in /mnt/Uyuni/Projects/Notes/Obsidian-Vault.
From https://github.com/whispercodeDev/Obsidian-Vault
 * branch            master     -> FETCH_HEAD
Already up to date.
Everything up-to-date
Repository at /mnt/Uyuni/Projects/Notes/Obsidian-Vault updated successfully.
All repositories have been updated.
Processing repository at /mnt/Uyuni/Projects/Notes/Obsidian-Vault on branch master
Changes detected in /mnt/Uyuni/Projects/Notes/Obsidian-Vault
[master 60f600f] Automated commit: 2025-05-15 13:30:01
 1 file changed, 1 insertion(+), 3 deletions(-)
Changes committed.
From https://github.com/whispercodeDev/Obsidian-Vault
 * branch            master     -> FETCH_HEAD
Already up to date.
To https://github.com/whispercodeDev/Obsidian-Vault.git
   84e5f50..60f600f  master -> master
Repository at /mnt/Uyuni/Projects/Notes/Obsidian-Vault updated successfully.
All repositories have been updated.
